{
  "stats": {
    "suites": 122,
    "tests": 129,
    "passes": 129,
    "pending": 0,
    "failures": 0,
    "start": "2015-06-17T15:50:23.695Z",
    "end": "2015-06-17T15:50:27.334Z"
  },
  "coverage": {
    "total": {
      "statementsTotal": 304,
      "statementsCovered": 182,
      "percentage": 59.87
    },
    "files": [
      {
        "name": "client/mixins/routes/task",
        "statementsTotal": 33,
        "statementsCovered": 30,
        "percentage": 90.91
      },
      {
        "name": "client/router",
        "statementsTotal": 15,
        "statementsCovered": 5,
        "percentage": 33.33
      },
      {
        "name": "client/adapters/application",
        "statementsTotal": 12,
        "statementsCovered": 11,
        "percentage": 91.67
      },
      {
        "name": "client/adapters/porpoiseflow/task-node",
        "statementsTotal": 12,
        "statementsCovered": 3,
        "percentage": 25
      },
      {
        "name": "client/models/auth/group",
        "statementsTotal": 3,
        "statementsCovered": 3,
        "percentage": 100
      },
      {
        "name": "client/models/auth/user",
        "statementsTotal": 11,
        "statementsCovered": 3,
        "percentage": 27.27
      },
      {
        "name": "client/models/demo/choice",
        "statementsTotal": 3,
        "statementsCovered": 3,
        "percentage": 100
      },
      {
        "name": "client/models/porpoiseflow/task",
        "statementsTotal": 3,
        "statementsCovered": 3,
        "percentage": 100
      },
      {
        "name": "client/models/porpoiseflow/task-node",
        "statementsTotal": 5,
        "statementsCovered": 3,
        "percentage": 60
      },
      {
        "name": "client/models/porpoiseflow/node",
        "statementsTotal": 9,
        "statementsCovered": 9,
        "percentage": 100
      },
      {
        "name": "client/pods/porpoiseflow/task/model",
        "statementsTotal": 3,
        "statementsCovered": 3,
        "percentage": 100
      },
      {
        "name": "client/models/porpoiseflow/process",
        "statementsTotal": 3,
        "statementsCovered": 3,
        "percentage": 100
      },
      {
        "name": "client/models/porpoiseflow/node-def",
        "statementsTotal": 4,
        "statementsCovered": 3,
        "percentage": 75
      },
      {
        "name": "client/models/demo/logging",
        "statementsTotal": 3,
        "statementsCovered": 3,
        "percentage": 100
      },
      {
        "name": "client/models/porpoiseflow/process-def",
        "statementsTotal": 3,
        "statementsCovered": 3,
        "percentage": 100
      },
      {
        "name": "client/models/porpoiseflow/process-status",
        "statementsTotal": 3,
        "statementsCovered": 3,
        "percentage": 100
      },
      {
        "name": "client/models/porpoiseflow/subprocess",
        "statementsTotal": 3,
        "statementsCovered": 3,
        "percentage": 100
      },
      {
        "name": "client/models/porpoiseflow/transition",
        "statementsTotal": 3,
        "statementsCovered": 3,
        "percentage": 100
      },
      {
        "name": "client/pods/choice/controller",
        "statementsTotal": 20,
        "statementsCovered": 3,
        "percentage": 15
      },
      {
        "name": "client/pods/choice/new/controller",
        "statementsTotal": 3,
        "statementsCovered": 3,
        "percentage": 100
      },
      {
        "name": "client/pods/choice/new/route",
        "statementsTotal": 5,
        "statementsCovered": 3,
        "percentage": 60
      },
      {
        "name": "client/pods/choice/route",
        "statementsTotal": 5,
        "statementsCovered": 3,
        "percentage": 60
      },
      {
        "name": "client/pods/components/process-link/component",
        "statementsTotal": 9,
        "statementsCovered": 8,
        "percentage": 88.89
      },
      {
        "name": "client/pods/holding/controller",
        "statementsTotal": 3,
        "statementsCovered": 3,
        "percentage": 100
      },
      {
        "name": "client/pods/holding/route",
        "statementsTotal": 6,
        "statementsCovered": 3,
        "percentage": 50
      },
      {
        "name": "client/pods/logging/new/controller",
        "statementsTotal": 3,
        "statementsCovered": 3,
        "percentage": 100
      },
      {
        "name": "client/pods/logging/new/route",
        "statementsTotal": 5,
        "statementsCovered": 3,
        "percentage": 60
      },
      {
        "name": "client/pods/logging/route",
        "statementsTotal": 5,
        "statementsCovered": 3,
        "percentage": 60
      },
      {
        "name": "client/pods/node/route",
        "statementsTotal": 16,
        "statementsCovered": 3,
        "percentage": 18.75
      },
      {
        "name": "client/pods/process-defs/controller",
        "statementsTotal": 4,
        "statementsCovered": 3,
        "percentage": 75
      },
      {
        "name": "client/pods/process-defs/route",
        "statementsTotal": 4,
        "statementsCovered": 3,
        "percentage": 75
      },
      {
        "name": "client/pods/process/new/controller",
        "statementsTotal": 3,
        "statementsCovered": 3,
        "percentage": 100
      },
      {
        "name": "client/pods/process/new/route",
        "statementsTotal": 14,
        "statementsCovered": 3,
        "percentage": 21.43
      },
      {
        "name": "client/pods/process/controller",
        "statementsTotal": 10,
        "statementsCovered": 3,
        "percentage": 30
      },
      {
        "name": "client/pods/process/loading/route",
        "statementsTotal": 3,
        "statementsCovered": 3,
        "percentage": 100
      },
      {
        "name": "client/pods/process/route",
        "statementsTotal": 28,
        "statementsCovered": 3,
        "percentage": 10.71
      },
      {
        "name": "client/serializers/application",
        "statementsTotal": 7,
        "statementsCovered": 7,
        "percentage": 100
      },
      {
        "name": "client/app",
        "statementsTotal": 7,
        "statementsCovered": 7,
        "percentage": 100
      },
      {
        "name": "client/controllers/array",
        "statementsTotal": 3,
        "statementsCovered": 3,
        "percentage": 100
      },
      {
        "name": "client/controllers/object",
        "statementsTotal": 3,
        "statementsCovered": 3,
        "percentage": 100
      },
      {
        "name": "client/pods/components/searching-for-next/component",
        "statementsTotal": 3,
        "statementsCovered": 3,
        "percentage": 100
      },
      {
        "name": "client/pods/components/task-form/component",
        "statementsTotal": 4,
        "statementsCovered": 3,
        "percentage": 75
      }
    ]
  }
}